{"C:\\Users\\1051392411009\\Terceiro-semestre\\aula2\\index.ts": {"path":"C:\\Users\\1051392411009\\Terceiro-semestre\\aula2\\index.ts","statementMap":{"0":{"start":{"line":17,"column":8},"end":{"line":17,"column":12}},"1":{"start":{"line":17,"column":14},"end":{"line":17,"column":17}},"2":{"start":{"line":17,"column":19},"end":{"line":17,"column":23}},"3":{"start":{"line":17,"column":25},"end":{"line":17,"column":28}},"4":{"start":{"line":2,"column":4},"end":{"line":2,"column":null}},"5":{"start":{"line":6,"column":4},"end":{"line":6,"column":null}},"6":{"start":{"line":10,"column":4},"end":{"line":10,"column":null}},"7":{"start":{"line":14,"column":4},"end":{"line":14,"column":null}}},"fnMap":{"0":{"name":"soma","decl":{"start":{"line":1,"column":9},"end":{"line":1,"column":13}},"loc":{"start":{"line":1,"column":33},"end":{"line":3,"column":1}}},"1":{"name":"sub","decl":{"start":{"line":5,"column":9},"end":{"line":5,"column":12}},"loc":{"start":{"line":5,"column":33},"end":{"line":7,"column":1}}},"2":{"name":"mult","decl":{"start":{"line":9,"column":9},"end":{"line":9,"column":13}},"loc":{"start":{"line":9,"column":34},"end":{"line":11,"column":1}}},"3":{"name":"div","decl":{"start":{"line":13,"column":9},"end":{"line":13,"column":12}},"loc":{"start":{"line":13,"column":33},"end":{"line":15,"column":1}}}},"branchMap":{},"s":{"0":1,"1":1,"2":1,"3":1,"4":2,"5":1,"6":1,"7":1},"f":{"0":2,"1":1,"2":1,"3":1},"b":{}}
}
